<?xml version="1.0" encoding="UTF-8"?>
<testsuite xmlns:xsi="http://www.w3.org/2001/XMLSchema-instance" xsi:noNamespaceSchemaLocation="https://maven.apache.org/surefire/maven-surefire-plugin/xsd/surefire-test-report-3.0.xsd" version="3.0" name="com.example.TextChunkerTest" time="0.853" tests="8" errors="0" skipped="0" failures="0">
  <properties>
[...]
</properties>
  <testcase name="normalizesPdfWhitespaceAndPageBreaks" classname="com.example.TextChunkerTest" time="0.09"/>
  <testcase name="buildsPineconeIntegratedEmbeddingNdjsonPayload" classname="com.example.TextChunkerTest" time="0.551"/>
  <testcase name="createsOverlappingChunksWithoutCuttingWords" classname="com.example.TextChunkerTest" time="0.007"/>
  <testcase name="keepsShortTextInOneChunk" classname="com.example.TextChunkerTest" time="0.002"/>
  <testcase name="returnsNoChunksForEmptyOrNonPrintableText" classname="com.example.TextChunkerTest" time="0.011"/>
  <testcase name="rejectsOverlapEqualToChunkSize" classname="com.example.TextChunkerTest" time="0.011"/>
  <testcase name="generatesStablePineconeIdsForRetries" classname="com.example.TextChunkerTest" time="0.002"/>
  <testcase name="reportsEstimatedTokenRange" classname="com.example.TextChunkerTest" time="0.016"/>
</testsuite>